<?xml version="1.0" encoding="UTF-8"?>
<!-- Generated by org.testng.reporters.JUnitReportReporter -->
<testsuite hostname="LAPTOP-JRADBEE7" failures="0" tests="1" name="testing.TestNGClass" time="0.009" errors="0" timestamp="2023-01-24T12:02:00 IST" skipped="0">
  <testcase classname="testing.TestNGClass" name="test" time="0.009"/>
  <system-out/>
</testsuite> <!-- testing.TestNGClass -->
